[0m14:32:25.337258 [debug] [MainThread]: Sending event: {'category': 'dbt', 'action': 'invocation', 'label': 'start', 'context': [<snowplow_tracker.self_describing_json.SelfDescribingJson object at 0x10a0967d0>, <snowplow_tracker.self_describing_json.SelfDescribingJson object at 0x10a02e690>, <snowplow_tracker.self_describing_json.SelfDescribingJson object at 0x10a0a2b90>]}


============================== 14:32:25.340677 | 8b2ce098-f90e-4783-a346-8dfddce209ac ==============================
[0m14:32:25.340677 [info ] [MainThread]: Running with dbt=1.11.5
[0m14:32:25.340930 [debug] [MainThread]: running dbt with arguments {'partial_parse': 'True', 'target_path': 'None', 'debug': 'False', 'warn_error_options': 'WarnErrorOptionsV2(error=[], warn=[], silence=[])', 'quiet': 'False', 'static_parser': 'True', 'fail_fast': 'False', 'use_colors': 'True', 'printer_width': '80', 'write_json': 'True', 'empty': 'None', 'log_format': 'default', 'invocation_command': 'dbt init ecommerce_analytics', 'version_check': 'True', 'log_cache_events': 'False', 'profiles_dir': '/Users/hitej/.dbt', 'send_anonymous_usage_stats': 'True', 'warn_error': 'None', 'cache_selected_only': 'False', 'no_print': 'None', 'use_experimental_parser': 'False', 'log_path': 'logs', 'indirect_selection': 'eager', 'introspect': 'True'}
[0m14:32:25.350910 [info ] [MainThread]: Creating dbt configuration folder at /Users/hitej/.dbt
[0m14:32:25.351781 [debug] [MainThread]: Starter project path: /Users/hitej/.venv/dbt-3.11/lib/python3.11/site-packages/dbt/include/starter_project
[0m14:32:25.355445 [info ] [MainThread]: 
Your new dbt project "ecommerce_analytics" was created!

For more information on how to configure the profiles.yml file,
please consult the dbt documentation here:

  https://docs.getdbt.com/docs/configure-your-profile

One more thing:

Need help? Don't hesitate to reach out to us via GitHub issues or on Slack:

  https://community.getdbt.com/

Happy modeling!

[0m14:32:25.355602 [info ] [MainThread]: Setting up your profile.
[0m14:32:29.700762 [info ] [MainThread]: Profile ecommerce_analytics written to /Users/hitej/.dbt/profiles.yml using target's sample configuration. Once updated, you'll be able to start developing with dbt.
[0m14:32:30.070493 [debug] [MainThread]: Resource report: {"command_name": "init", "command_success": true, "command_wall_clock_time": 4.759413, "process_in_blocks": "0", "process_kernel_time": 0.110493, "process_mem_max_rss": "128745472", "process_out_blocks": "0", "process_user_time": 0.481584}
[0m14:32:30.071587 [debug] [MainThread]: Command `dbt init` succeeded at 14:32:30.071416 after 4.76 seconds
[0m14:32:30.072128 [debug] [MainThread]: Sending event: {'category': 'dbt', 'action': 'invocation', 'label': 'end', 'context': [<snowplow_tracker.self_describing_json.SelfDescribingJson object at 0x10a0260d0>, <snowplow_tracker.self_describing_json.SelfDescribingJson object at 0x105e52990>, <snowplow_tracker.self_describing_json.SelfDescribingJson object at 0x105f0f890>]}
[0m14:32:30.072692 [debug] [MainThread]: Flushing usage events
[0m14:32:30.281063 [debug] [MainThread]: An error was encountered while trying to flush usage events
[0m15:36:49.582255 [debug] [MainThread]: Sending event: {'category': 'dbt', 'action': 'invocation', 'label': 'start', 'context': [<snowplow_tracker.self_describing_json.SelfDescribingJson object at 0x10d39fbd0>, <snowplow_tracker.self_describing_json.SelfDescribingJson object at 0x10d3c6050>, <snowplow_tracker.self_describing_json.SelfDescribingJson object at 0x10d3c6d10>]}


============================== 15:36:49.584142 | f1609b52-8cd0-4b2e-9308-d30ca6e43d02 ==============================
[0m15:36:49.584142 [info ] [MainThread]: Running with dbt=1.11.5
[0m15:36:49.584397 [debug] [MainThread]: running dbt with arguments {'indirect_selection': 'eager', 'use_experimental_parser': 'False', 'log_format': 'default', 'quiet': 'False', 'warn_error_options': 'WarnErrorOptionsV2(error=[], warn=[], silence=[])', 'send_anonymous_usage_stats': 'True', 'log_cache_events': 'False', 'use_colors': 'True', 'cache_selected_only': 'False', 'debug': 'False', 'profiles_dir': '/Users/hitej/.dbt', 'printer_width': '80', 'target_path': 'None', 'partial_parse': 'True', 'introspect': 'True', 'warn_error': 'None', 'version_check': 'True', 'fail_fast': 'False', 'static_parser': 'True', 'write_json': 'True', 'no_print': 'None', 'empty': 'None', 'log_path': 'logs', 'invocation_command': 'dbt debug'}
[0m15:36:49.594253 [info ] [MainThread]: dbt version: 1.11.5
[0m15:36:49.594442 [info ] [MainThread]: python version: 3.11.14
[0m15:36:49.594567 [info ] [MainThread]: python path: /Users/hitej/.venv/dbt-3.11/bin/python3.11
[0m15:36:49.594675 [info ] [MainThread]: os info: macOS-26.2-arm64-arm-64bit
[0m15:36:49.671304 [info ] [MainThread]: Using profiles dir at /Users/hitej/.dbt
[0m15:36:49.671540 [info ] [MainThread]: Using profiles.yml file at /Users/hitej/.dbt/profiles.yml
[0m15:36:49.671665 [info ] [MainThread]: Using dbt_project.yml file at /Users/hitej/Downloads/DE-Workspace/data-engineering-portfolio/ecommerce-dbt-project/dbt_project.yml
[0m15:36:49.673524 [info ] [MainThread]: adapter type: duckdb
[0m15:36:49.673658 [info ] [MainThread]: adapter version: 1.10.0
[0m15:36:49.673771 [info ] [MainThread]: Configuration:
[0m15:36:49.673872 [info ] [MainThread]:   profiles.yml file [[32mOK found and valid[0m]
[0m15:36:49.673965 [info ] [MainThread]:   dbt_project.yml file [[31mERROR not found[0m]
[0m15:36:49.674058 [info ] [MainThread]: Required dependencies:
[0m15:36:49.674181 [debug] [MainThread]: Executing "git --help"
[0m15:36:49.684445 [debug] [MainThread]: STDOUT: "b"usage: git [-v | --version] [-h | --help] [-C <path>] [-c <name>=<value>]\n           [--exec-path[=<path>]] [--html-path] [--man-path] [--info-path]\n           [-p | --paginate | -P | --no-pager] [--no-replace-objects] [--no-lazy-fetch]\n           [--no-optional-locks] [--no-advice] [--bare] [--git-dir=<path>]\n           [--work-tree=<path>] [--namespace=<name>] [--config-env=<name>=<envvar>]\n           <command> [<args>]\n\nThese are common Git commands used in various situations:\n\nstart a working area (see also: git help tutorial)\n   clone      Clone a repository into a new directory\n   init       Create an empty Git repository or reinitialize an existing one\n\nwork on the current change (see also: git help everyday)\n   add        Add file contents to the index\n   mv         Move or rename a file, a directory, or a symlink\n   restore    Restore working tree files\n   rm         Remove files from the working tree and from the index\n\nexamine the history and state (see also: git help revisions)\n   bisect     Use binary search to find the commit that introduced a bug\n   diff       Show changes between commits, commit and working tree, etc\n   grep       Print lines matching a pattern\n   log        Show commit logs\n   show       Show various types of objects\n   status     Show the working tree status\n\ngrow, mark and tweak your common history\n   backfill   Download missing objects in a partial clone\n   branch     List, create, or delete branches\n   commit     Record changes to the repository\n   merge      Join two or more development histories together\n   rebase     Reapply commits on top of another base tip\n   reset      Reset current HEAD to the specified state\n   switch     Switch branches\n   tag        Create, list, delete or verify a tag object signed with GPG\n\ncollaborate (see also: git help workflows)\n   fetch      Download objects and refs from another repository\n   pull       Fetch from and integrate with another repository or a local branch\n   push       Update remote refs along with associated objects\n\n'git help -a' and 'git help -g' list available subcommands and some\nconcept guides. See 'git help <command>' or 'git help <concept>'\nto read about a specific subcommand or concept.\nSee 'git help git' for an overview of the system.\n""
[0m15:36:49.684854 [debug] [MainThread]: STDERR: "b''"
[0m15:36:49.685087 [info ] [MainThread]:  - git [[32mOK found[0m]

[0m15:36:49.685258 [info ] [MainThread]: Connection:
[0m15:36:49.685480 [info ] [MainThread]:   database: dev
[0m15:36:49.685586 [info ] [MainThread]:   schema: main
[0m15:36:49.685681 [info ] [MainThread]:   path: dev.duckdb
[0m15:36:49.685774 [info ] [MainThread]:   config_options: None
[0m15:36:49.685864 [info ] [MainThread]:   extensions: None
[0m15:36:49.685956 [info ] [MainThread]:   settings: {}
[0m15:36:49.686044 [info ] [MainThread]:   external_root: .
[0m15:36:49.686137 [info ] [MainThread]:   use_credential_provider: None
[0m15:36:49.686244 [info ] [MainThread]:   attach: None
[0m15:36:49.686467 [info ] [MainThread]:   filesystems: None
[0m15:36:49.686597 [info ] [MainThread]:   remote: None
[0m15:36:49.686710 [info ] [MainThread]:   plugins: None
[0m15:36:49.686815 [info ] [MainThread]:   disable_transactions: False
[0m15:36:49.687049 [info ] [MainThread]: Registered adapter: duckdb=1.10.0
[0m15:36:50.131430 [debug] [MainThread]: Acquiring new duckdb connection 'debug'
[0m15:36:50.152591 [debug] [MainThread]: Using duckdb connection "debug"
[0m15:36:50.152742 [debug] [MainThread]: On debug: select 1 as id
[0m15:36:50.152850 [debug] [MainThread]: Opening a new connection, currently in state init
[0m15:36:50.160036 [debug] [MainThread]: SQL status: OK in 0.007 seconds
[0m15:36:50.160349 [debug] [MainThread]: On debug: Close
[0m15:36:50.160638 [info ] [MainThread]:   Connection test: [[32mOK connection ok[0m]

[0m15:36:50.160755 [info ] [MainThread]: [31m1 check failed:[0m
[0m15:36:50.160852 [info ] [MainThread]: Project loading failed for the following reason:
 project path </Users/hitej/Downloads/DE-Workspace/data-engineering-portfolio/ecommerce-dbt-project/dbt_project.yml> not found

[0m15:36:50.162406 [debug] [MainThread]: Resource report: {"command_name": "debug", "command_success": false, "command_wall_clock_time": 0.60649467, "process_in_blocks": "0", "process_kernel_time": 0.151027, "process_mem_max_rss": "139067392", "process_out_blocks": "0", "process_user_time": 0.540014}
[0m15:36:50.162624 [debug] [MainThread]: Command `dbt debug` failed at 15:36:50.162576 after 0.61 seconds
[0m15:36:50.162760 [debug] [MainThread]: Connection 'debug' was properly closed.
[0m15:36:50.162894 [debug] [MainThread]: Sending event: {'category': 'dbt', 'action': 'invocation', 'label': 'end', 'context': [<snowplow_tracker.self_describing_json.SelfDescribingJson object at 0x10d24fa90>, <snowplow_tracker.self_describing_json.SelfDescribingJson object at 0x10d648a10>, <snowplow_tracker.self_describing_json.SelfDescribingJson object at 0x10d9dd290>]}
[0m15:36:50.163047 [debug] [MainThread]: Flushing usage events
[0m15:36:50.518038 [debug] [MainThread]: An error was encountered while trying to flush usage events
